[debug] [2023-05-22T03:23:09.555Z] ----------------------------------------------------------------------
[debug] [2023-05-22T03:23:09.557Z] Command:       C:\Program Files\nodejs\node.exe C:\Users\56967\AppData\Roaming\npm\node_modules\firebase-tools\lib\bin\firebase.js init
[debug] [2023-05-22T03:23:09.558Z] CLI Version:   12.1.0
[debug] [2023-05-22T03:23:09.558Z] Platform:      win32
[debug] [2023-05-22T03:23:09.558Z] Node Version:  v18.16.0
[debug] [2023-05-22T03:23:09.559Z] Time:          Sun May 21 2023 23:23:09 GMT-0400 (hora estándar de Chile)
[debug] [2023-05-22T03:23:09.559Z] ----------------------------------------------------------------------
[debug] 
[debug] [2023-05-22T03:23:09.566Z] > command requires scopes: ["email","openid","https://www.googleapis.com/auth/cloudplatformprojects.readonly","https://www.googleapis.com/auth/firebase","https://www.googleapis.com/auth/cloud-platform"]
[debug] [2023-05-22T03:23:09.566Z] > authorizing via signed-in user (fabriciomonsalve57@gmail.com)
[info] 
     ######## #### ########  ######## ########     ###     ######  ########
     ##        ##  ##     ## ##       ##     ##  ##   ##  ##       ##
     ######    ##  ########  ######   ########  #########  ######  ######
     ##        ##  ##    ##  ##       ##     ## ##     ##       ## ##
     ##       #### ##     ## ######## ########  ##     ##  ######  ########

You're about to initialize a Firebase project in this directory:

  C:\web2023\MYPAGINA2023

Before we get started, keep in mind:

  * You are currently outside your home directory

